Determining if the pthread_create exist failed with the following output:
Change Dir: /home/kadir/Desktop/Freelancer/ROS/ROS/catkin_ws/build/CMakeFiles/CMakeTmp

Run Build Command:"/usr/bin/make" "cmTC_754a9/fast"
/usr/bin/make -f CMakeFiles/cmTC_754a9.dir/build.make CMakeFiles/cmTC_754a9.dir/build
make[1]: Entering directory '/home/kadir/Desktop/Freelancer/ROS/ROS/catkin_ws/build/CMakeFiles/CMakeTmp'
Building C object CMakeFiles/cmTC_754a9.dir/CheckSymbolExists.c.o
/usr/bin/cc     -o CMakeFiles/cmTC_754a9.dir/CheckSymbolExists.c.o   -c /home/kadir/Desktop/Freelancer/ROS/ROS/catkin_ws/build/CMakeFiles/CMakeTmp/CheckSymbolExists.c
Linking C executable cmTC_754a9
/usr/bin/cmake -E cmake_link_script CMakeFiles/cmTC_754a9.dir/link.txt --verbose=1
/usr/bin/cc       CMakeFiles/cmTC_754a9.dir/CheckSymbolExists.c.o  -o cmTC_754a9 -rdynamic 
CMakeFiles/cmTC_754a9.dir/CheckSymbolExists.c.o: In function `main':
CheckSymbolExists.c:(.text+0x16): undefined reference to `pthread_create'
collect2: error: ld returned 1 exit status
CMakeFiles/cmTC_754a9.dir/build.make:97: recipe for target 'cmTC_754a9' failed
make[1]: *** [cmTC_754a9] Error 1
make[1]: Leaving directory '/home/kadir/Desktop/Freelancer/ROS/ROS/catkin_ws/build/CMakeFiles/CMakeTmp'
Makefile:126: recipe for target 'cmTC_754a9/fast' failed
make: *** [cmTC_754a9/fast] Error 2

File /home/kadir/Desktop/Freelancer/ROS/ROS/catkin_ws/build/CMakeFiles/CMakeTmp/CheckSymbolExists.c:
/* */
#include <pthread.h>

int main(int argc, char** argv)
{
  (void)argv;
#ifndef pthread_create
  return ((int*)(&pthread_create))[argc];
#else
  (void)argc;
  return 0;
#endif
}

Determining if the function pthread_create exists in the pthreads failed with the following output:
Change Dir: /home/kadir/Desktop/Freelancer/ROS/ROS/catkin_ws/build/CMakeFiles/CMakeTmp

Run Build Command:"/usr/bin/make" "cmTC_ec7ba/fast"
/usr/bin/make -f CMakeFiles/cmTC_ec7ba.dir/build.make CMakeFiles/cmTC_ec7ba.dir/build
make[1]: Entering directory '/home/kadir/Desktop/Freelancer/ROS/ROS/catkin_ws/build/CMakeFiles/CMakeTmp'
Building C object CMakeFiles/cmTC_ec7ba.dir/CheckFunctionExists.c.o
/usr/bin/cc    -DCHECK_FUNCTION_EXISTS=pthread_create   -o CMakeFiles/cmTC_ec7ba.dir/CheckFunctionExists.c.o   -c /usr/share/cmake-3.5/Modules/CheckFunctionExists.c
Linking C executable cmTC_ec7ba
/usr/bin/cmake -E cmake_link_script CMakeFiles/cmTC_ec7ba.dir/link.txt --verbose=1
/usr/bin/cc   -DCHECK_FUNCTION_EXISTS=pthread_create    CMakeFiles/cmTC_ec7ba.dir/CheckFunctionExists.c.o  -o cmTC_ec7ba -rdynamic -lpthreads 
/usr/bin/ld: cannot find -lpthreads
collect2: error: ld returned 1 exit status
CMakeFiles/cmTC_ec7ba.dir/build.make:97: recipe for target 'cmTC_ec7ba' failed
make[1]: *** [cmTC_ec7ba] Error 1
make[1]: Leaving directory '/home/kadir/Desktop/Freelancer/ROS/ROS/catkin_ws/build/CMakeFiles/CMakeTmp'
Makefile:126: recipe for target 'cmTC_ec7ba/fast' failed
make: *** [cmTC_ec7ba/fast] Error 2


